{"name": "test_C248996468", "status": "broken", "statusDetails": {"message": "selenium.common.exceptions.WebDriverException: Message: An unknown server-side error occurred while processing the command. Original error: Error executing adbExec. Original error: 'Command 'C:\\\\Users\\\\chandrakant\\\\AppData\\\\Local\\\\Android\\\\Sdk\\\\platform-tools\\\\adb.exe -P 5037 -s ef7239eb install -g C:\\\\Users\\\\chandrakant\\\\AppData\\\\Local\\\\Programs\\\\Appium\\\\resources\\\\app\\\\node_modules\\\\appium\\\\node_modules\\\\io.appium.settings\\\\apks\\\\settings_apk-debug.apk' exited with code 1'; Stderr: 'adb: failed to install C:\\Users\\chandrakant\\AppData\\Local\\Programs\\Appium\\resources\\app\\node_modules\\appium\\node_modules\\io.appium.settings\\apks\\settings_apk-debug.apk: \r\nException occurred while executing 'install':\r\njava.lang.SecurityException: You need the android.permission.INSTALL_GRANT_RUNTIME_PERMISSIONS permission to use the PackageManager.INSTALL_GRANT_RUNTIME_PERMISSIONS flag\r\n\tat com.android.server.pm.PackageInstallerService.createSessionInternal(PackageInstallerService.java:622)\r\n\tat com.android.server.pm.PackageInstallerService.createSession(PackageInstallerService.java:495)\r\n\tat com.android.server.pm.PackageManagerShellCommand.doCreateSession(PackageManagerShellC'; Code: '1'\nStacktrace:\nUnknownError: An unknown server-side error occurred while processing the command. Original error: Error executing adbExec. Original error: 'Command 'C:\\\\Users\\\\chandrakant\\\\AppData\\\\Local\\\\Android\\\\Sdk\\\\platform-tools\\\\adb.exe -P 5037 -s ef7239eb install -g C:\\\\Users\\\\chandrakant\\\\AppData\\\\Local\\\\Programs\\\\Appium\\\\resources\\\\app\\\\node_modules\\\\appium\\\\node_modules\\\\io.appium.settings\\\\apks\\\\settings_apk-debug.apk' exited with code 1'; Stderr: 'adb: failed to install C:\\Users\\chandrakant\\AppData\\Local\\Programs\\Appium\\resources\\app\\node_modules\\appium\\node_modules\\io.appium.settings\\apks\\settings_apk-debug.apk: \r\nException occurred while executing 'install':\r\njava.lang.SecurityException: You need the android.permission.INSTALL_GRANT_RUNTIME_PERMISSIONS permission to use the PackageManager.INSTALL_GRANT_RUNTIME_PERMISSIONS flag\r\n\tat com.android.server.pm.PackageInstallerService.createSessionInternal(PackageInstallerService.java:622)\r\n\tat com.android.server.pm.PackageInstallerService.createSession(PackageInstallerService.java:495)\r\n\tat com.android.server.pm.PackageManagerShellCommand.doCreateSession(PackageManagerShellC'; Code: '1'\n    at getResponseForW3CError (C:\\Users\\chandrakant\\AppData\\Local\\Programs\\Appium\\resources\\app\\node_modules\\appium\\node_modules\\appium-base-driver\\lib\\protocol\\errors.js:804:9)\n    at asyncHandler (C:\\Users\\chandrakant\\AppData\\Local\\Programs\\Appium\\resources\\app\\node_modules\\appium\\node_modules\\appium-base-driver\\lib\\protocol\\protocol.js:380:37)", "trace": "request = <SubRequest 'beforeClass' for <TestCaseFunction test_C248996468>>\n\n    @pytest.yield_fixture(scope='class')\n    def beforeClass(request):\n        print('Before Class')\n        driver1 = Driver()\n>       driver = driver1.getDriverMethod()\n\nconftest.py:10: \n_ _ _ _ _ _ _ _ _ _ _ _ _ _ _ _ _ _ _ _ _ _ _ _ _ _ _ _ _ _ _ _ _ _ _ _ _ _ _ _ _ _ _ _ _ _ _ _ _ _ _ _ _ _ _ _ _ _ _ _ _ _ _ _ _ _ _ _ _ _ _ _ _ _ _ _ _ _ _ _ _ _ _ _ _ _ _ _ _ _ _ _ _ _ _ _ _ \n..\\base\\DriverClass.py:19: in getDriverMethod\n    driver = webdriver.Remote(\"http://127.0.0.1:4723/wd/hub\", desired_caps)\n..\\..\\..\\..\\..\\AppData\\Local\\Programs\\Python\\Python39\\lib\\site-packages\\appium\\webdriver\\webdriver.py:267: in __init__\n    super().__init__(\n..\\..\\..\\..\\..\\AppData\\Local\\Programs\\Python\\Python39\\lib\\site-packages\\selenium\\webdriver\\remote\\webdriver.py:268: in __init__\n    self.start_session(capabilities, browser_profile)\n..\\..\\..\\..\\..\\AppData\\Local\\Programs\\Python\\Python39\\lib\\site-packages\\appium\\webdriver\\webdriver.py:357: in start_session\n    response = self.execute(RemoteCommand.NEW_SESSION, parameters)\n..\\..\\..\\..\\..\\AppData\\Local\\Programs\\Python\\Python39\\lib\\site-packages\\selenium\\webdriver\\remote\\webdriver.py:424: in execute\n    self.error_handler.check_response(response)\n_ _ _ _ _ _ _ _ _ _ _ _ _ _ _ _ _ _ _ _ _ _ _ _ _ _ _ _ _ _ _ _ _ _ _ _ _ _ _ _ _ _ _ _ _ _ _ _ _ _ _ _ _ _ _ _ _ _ _ _ _ _ _ _ _ _ _ _ _ _ _ _ _ _ _ _ _ _ _ _ _ _ _ _ _ _ _ _ _ _ _ _ _ _ _ _ _ \n\nself = <selenium.webdriver.remote.errorhandler.ErrorHandler object at 0x000001BB054ACB20>\nresponse = {'status': 500, 'value': '{\"value\":{\"error\":\"unknown error\",\"message\":\"An unknown server-side error occurred while pro...s\\\\\\\\app\\\\\\\\node_modules\\\\\\\\appium\\\\\\\\node_modules\\\\\\\\appium-base-driver\\\\\\\\lib\\\\\\\\protocol\\\\\\\\protocol.js:380:37)\"}}'}\n\n    def check_response(self, response: Dict[str, Any]) -> None:\n        \"\"\"\n        Checks that a JSON response from the WebDriver does not have an error.\n    \n        :Args:\n         - response - The JSON response from the WebDriver server as a dictionary\n           object.\n    \n        :Raises: If the response contains an error message.\n        \"\"\"\n        status = response.get('status', None)\n        if not status or status == ErrorCode.SUCCESS:\n            return\n        value = None\n        message = response.get(\"message\", \"\")\n        screen: str = response.get(\"screen\", \"\")\n        stacktrace = None\n        if isinstance(status, int):\n            value_json = response.get('value', None)\n            if value_json and isinstance(value_json, str):\n                import json\n                try:\n                    value = json.loads(value_json)\n                    if len(value.keys()) == 1:\n                        value = value['value']\n                    status = value.get('error', None)\n                    if not status:\n                        status = value.get(\"status\", ErrorCode.UNKNOWN_ERROR)\n                        message = value.get(\"value\") or value.get(\"message\")\n                        if not isinstance(message, str):\n                            value = message\n                            message = message.get('message')\n                    else:\n                        message = value.get('message', None)\n                except ValueError:\n                    pass\n    \n        exception_class: Type[WebDriverException]\n        if status in ErrorCode.NO_SUCH_ELEMENT:\n            exception_class = NoSuchElementException\n        elif status in ErrorCode.NO_SUCH_FRAME:\n            exception_class = NoSuchFrameException\n        elif status in ErrorCode.NO_SUCH_SHADOW_ROOT:\n            exception_class = NoSuchShadowRootException\n        elif status in ErrorCode.NO_SUCH_WINDOW:\n            exception_class = NoSuchWindowException\n        elif status in ErrorCode.STALE_ELEMENT_REFERENCE:\n            exception_class = StaleElementReferenceException\n        elif status in ErrorCode.ELEMENT_NOT_VISIBLE:\n            exception_class = ElementNotVisibleException\n        elif status in ErrorCode.INVALID_ELEMENT_STATE:\n            exception_class = InvalidElementStateException\n        elif status in ErrorCode.INVALID_SELECTOR \\\n                or status in ErrorCode.INVALID_XPATH_SELECTOR \\\n                or status in ErrorCode.INVALID_XPATH_SELECTOR_RETURN_TYPER:\n            exception_class = InvalidSelectorException\n        elif status in ErrorCode.ELEMENT_IS_NOT_SELECTABLE:\n            exception_class = ElementNotSelectableException\n        elif status in ErrorCode.ELEMENT_NOT_INTERACTABLE:\n            exception_class = ElementNotInteractableException\n        elif status in ErrorCode.INVALID_COOKIE_DOMAIN:\n            exception_class = InvalidCookieDomainException\n        elif status in ErrorCode.UNABLE_TO_SET_COOKIE:\n            exception_class = UnableToSetCookieException\n        elif status in ErrorCode.TIMEOUT:\n            exception_class = TimeoutException\n        elif status in ErrorCode.SCRIPT_TIMEOUT:\n            exception_class = TimeoutException\n        elif status in ErrorCode.UNKNOWN_ERROR:\n            exception_class = WebDriverException\n        elif status in ErrorCode.UNEXPECTED_ALERT_OPEN:\n            exception_class = UnexpectedAlertPresentException\n        elif status in ErrorCode.NO_ALERT_OPEN:\n            exception_class = NoAlertPresentException\n        elif status in ErrorCode.IME_NOT_AVAILABLE:\n            exception_class = ImeNotAvailableException\n        elif status in ErrorCode.IME_ENGINE_ACTIVATION_FAILED:\n            exception_class = ImeActivationFailedException\n        elif status in ErrorCode.MOVE_TARGET_OUT_OF_BOUNDS:\n            exception_class = MoveTargetOutOfBoundsException\n        elif status in ErrorCode.JAVASCRIPT_ERROR:\n            exception_class = JavascriptException\n        elif status in ErrorCode.SESSION_NOT_CREATED:\n            exception_class = SessionNotCreatedException\n        elif status in ErrorCode.INVALID_ARGUMENT:\n            exception_class = InvalidArgumentException\n        elif status in ErrorCode.NO_SUCH_COOKIE:\n            exception_class = NoSuchCookieException\n        elif status in ErrorCode.UNABLE_TO_CAPTURE_SCREEN:\n            exception_class = ScreenshotException\n        elif status in ErrorCode.ELEMENT_CLICK_INTERCEPTED:\n            exception_class = ElementClickInterceptedException\n        elif status in ErrorCode.INSECURE_CERTIFICATE:\n            exception_class = InsecureCertificateException\n        elif status in ErrorCode.INVALID_COORDINATES:\n            exception_class = InvalidCoordinatesException\n        elif status in ErrorCode.INVALID_SESSION_ID:\n            exception_class = InvalidSessionIdException\n        elif status in ErrorCode.UNKNOWN_METHOD:\n            exception_class = UnknownMethodException\n        else:\n            exception_class = WebDriverException\n        if not value:\n            value = response['value']\n        if isinstance(value, str):\n            raise exception_class(value)\n        if message == \"\" and 'message' in value:\n            message = value['message']\n    \n        screen = None  # type: ignore[assignment]\n        if 'screen' in value:\n            screen = value['screen']\n    \n        stacktrace = None\n        st_value = value.get('stackTrace') or value.get('stacktrace')\n        if st_value:\n            if isinstance(st_value, str):\n                stacktrace = st_value.split('\\n')\n            else:\n                stacktrace = []\n                try:\n                    for frame in st_value:\n                        line = self._value_or_default(frame, 'lineNumber', '')\n                        file = self._value_or_default(frame, 'fileName', '<anonymous>')\n                        if line:\n                            file = \"%s:%s\" % (file, line)\n                        meth = self._value_or_default(frame, 'methodName', '<anonymous>')\n                        if 'className' in frame:\n                            meth = \"%s.%s\" % (frame['className'], meth)\n                        msg = \"    at %s (%s)\"\n                        msg = msg % (meth, file)\n                        stacktrace.append(msg)\n                except TypeError:\n                    pass\n        if exception_class == UnexpectedAlertPresentException:\n            alert_text = None\n            if 'data' in value:\n                alert_text = value['data'].get('text')\n            elif 'alert' in value:\n                alert_text = value['alert'].get('text')\n            raise exception_class(message, screen, stacktrace, alert_text)  # type: ignore[call-arg]  # mypy is not smart enough here\n>       raise exception_class(message, screen, stacktrace)\nE       selenium.common.exceptions.WebDriverException: Message: An unknown server-side error occurred while processing the command. Original error: Error executing adbExec. Original error: 'Command 'C:\\\\Users\\\\chandrakant\\\\AppData\\\\Local\\\\Android\\\\Sdk\\\\platform-tools\\\\adb.exe -P 5037 -s ef7239eb install -g C:\\\\Users\\\\chandrakant\\\\AppData\\\\Local\\\\Programs\\\\Appium\\\\resources\\\\app\\\\node_modules\\\\appium\\\\node_modules\\\\io.appium.settings\\\\apks\\\\settings_apk-debug.apk' exited with code 1'; Stderr: 'adb: failed to install C:\\Users\\chandrakant\\AppData\\Local\\Programs\\Appium\\resources\\app\\node_modules\\appium\\node_modules\\io.appium.settings\\apks\\settings_apk-debug.apk: \r\nE       Exception occurred while executing 'install':\r\nE       java.lang.SecurityException: You need the android.permission.INSTALL_GRANT_RUNTIME_PERMISSIONS permission to use the PackageManager.INSTALL_GRANT_RUNTIME_PERMISSIONS flag\r\nE       \tat com.android.server.pm.PackageInstallerService.createSessionInternal(PackageInstallerService.java:622)\r\nE       \tat com.android.server.pm.PackageInstallerService.createSession(PackageInstallerService.java:495)\r\nE       \tat com.android.server.pm.PackageManagerShellCommand.doCreateSession(PackageManagerShellC'; Code: '1'\nE       Stacktrace:\nE       UnknownError: An unknown server-side error occurred while processing the command. Original error: Error executing adbExec. Original error: 'Command 'C:\\\\Users\\\\chandrakant\\\\AppData\\\\Local\\\\Android\\\\Sdk\\\\platform-tools\\\\adb.exe -P 5037 -s ef7239eb install -g C:\\\\Users\\\\chandrakant\\\\AppData\\\\Local\\\\Programs\\\\Appium\\\\resources\\\\app\\\\node_modules\\\\appium\\\\node_modules\\\\io.appium.settings\\\\apks\\\\settings_apk-debug.apk' exited with code 1'; Stderr: 'adb: failed to install C:\\Users\\chandrakant\\AppData\\Local\\Programs\\Appium\\resources\\app\\node_modules\\appium\\node_modules\\io.appium.settings\\apks\\settings_apk-debug.apk: \r\nE       Exception occurred while executing 'install':\r\nE       java.lang.SecurityException: You need the android.permission.INSTALL_GRANT_RUNTIME_PERMISSIONS permission to use the PackageManager.INSTALL_GRANT_RUNTIME_PERMISSIONS flag\r\nE       \tat com.android.server.pm.PackageInstallerService.createSessionInternal(PackageInstallerService.java:622)\r\nE       \tat com.android.server.pm.PackageInstallerService.createSession(PackageInstallerService.java:495)\r\nE       \tat com.android.server.pm.PackageManagerShellCommand.doCreateSession(PackageManagerShellC'; Code: '1'\nE           at getResponseForW3CError (C:\\Users\\chandrakant\\AppData\\Local\\Programs\\Appium\\resources\\app\\node_modules\\appium\\node_modules\\appium-base-driver\\lib\\protocol\\errors.js:804:9)\nE           at asyncHandler (C:\\Users\\chandrakant\\AppData\\Local\\Programs\\Appium\\resources\\app\\node_modules\\appium\\node_modules\\appium-base-driver\\lib\\protocol\\protocol.js:380:37)\n\n..\\..\\..\\..\\..\\AppData\\Local\\Programs\\Python\\Python39\\lib\\site-packages\\selenium\\webdriver\\remote\\errorhandler.py:247: WebDriverException"}, "attachments": [{"name": "stdout", "source": "1b74293b-49d1-446a-b48e-034a983a7786-attachment.txt", "type": "text/plain"}], "start": 1641358614648, "stop": 1641358614648, "uuid": "59918434-7ad5-4420-a4d0-671fe3e1f656", "historyId": "7029f5344ab598ba7c12aa1b511d732e", "testCaseId": "4d25963c8b8f4bec7164c44dc0f8e6dc", "fullName": "CalculatorHomeScreen.CalculatorMainHomeScreen#test_C248996468", "labels": [{"name": "tag", "value": "run(order=1)"}, {"name": "tag", "value": "@pytest.mark.usefixtures('beforeClass', 'beforeMethod')"}, {"name": "suite", "value": "CalculatorHomeScreen"}, {"name": "subSuite", "value": "CalculatorMainHomeScreen"}, {"name": "host", "value": "LOXTIPL00005894"}, {"name": "thread", "value": "22800-MainThread"}, {"name": "framework", "value": "pytest"}, {"name": "language", "value": "cpython3"}, {"name": "package", "value": "CalculatorHomeScreen"}]}